<?xml version="1.0" encoding="UTF-8"?>
<!-- Generated by org.testng.reporters.JUnitReportReporter -->
<testsuite name="JeuTest" tests="2" time="0.000" ignored="0" failures="0" timestamp="03 mai 2017 09:50:46 GMT" skipped="0" hostname="NAN2DSK0213" errors="0">
  <testcase name="test2" time="0.000" classname="JeuTest"/>
  <testcase name="jeutest" time="0.000" classname="JeuTest"/>
</testsuite> <!-- JeuTest -->
