<?xml version="1.0" encoding="UTF-8"?>
<!-- Generated by org.testng.reporters.JUnitReportReporter -->
<testsuite name="JeuTest" tests="1" time="0.003" ignored="0" failures="0" timestamp="02 mai 2017 14:46:54 GMT" skipped="0" hostname="NAN2DSK0213" errors="0">
  <testcase name="jeutest" time="0.003" classname="JeuTest"/>
</testsuite> <!-- JeuTest -->
