<?xml version="1.0" encoding="UTF-8"?>
<!-- Generated by org.testng.reporters.JUnitReportReporter -->
<testsuite name="JeuTest" tests="1" time="0.002" ignored="0" failures="0" timestamp="02 mai 2017 15:13:17 GMT" skipped="0" hostname="NAN2DSK0213" errors="0">
  <testcase name="jeutest" time="0.002" classname="JeuTest"/>
</testsuite> <!-- JeuTest -->
