<?xml version="1.0" encoding="UTF-8"?>
<!-- Generated by org.testng.reporters.JUnitReportReporter -->
<testsuite name="JeuTest" tests="3" time="8.681" ignored="0" failures="0" timestamp="03 mai 2017 12:22:52 GMT" skipped="0" hostname="NAN2DSK0213" errors="0">
  <testcase name="test2" time="0.000" classname="JeuTest"/>
  <testcase name="test3" time="8.670" classname="JeuTest"/>
  <testcase name="jeutest" time="0.011" classname="JeuTest"/>
</testsuite> <!-- JeuTest -->
